<?xml version="1.0"?>
<component name="org.nuxeo.ecm.csv.test.types">

  <extension target="org.nuxeo.ecm.core.schema.TypeService" point="schema">
    <schema name="complexTest" src="schemas/complexTest.xsd" prefix="complexTest" />
  </extension>

  <extension target="org.nuxeo.ecm.core.schema.TypeService" point="doctype">

    <facet name="ComplexTest">
      <schema name="complexTest"/>
    </facet>

    <doctype name="ComplexFile" extends="File">
      <facet name="ComplexTest" />
    </doctype>

  </extension>

</component>
